#
# There is insufficient memory for the Java Runtime Environment to continue.
# Native memory allocation (malloc) failed to allocate 32744 bytes for ChunkPool::allocate
# Possible reasons:
#   The system is out of physical RAM or swap space
#   The process is running with CompressedOops enabled, and the Java Heap may be blocking the growth of the native heap
# Possible solutions:
#   Reduce memory load on the system
#   Increase physical memory or swap space
#   Check if swap backing store is full
#   Decrease Java heap size (-Xmx/-Xms)
#   Decrease number of Java threads
#   Decrease Java thread stack sizes (-Xss)
#   Set larger code cache with -XX:ReservedCodeCacheSize=
#   JVM is running with Unscaled Compressed Oops mode in which the Java heap is
#     placed in the first 4GB address space. The Java Heap base address is the
#     maximum limit for the native heap growth. Please use -XX:HeapBaseMinAddress
#     to set the Java Heap base and to place the Java Heap above 4GB virtual address.
# This output file may be truncated or incomplete.
#
#  Out of Memory Error (./open/src/hotspot/share/memory/arena.cpp:81), pid=16056, tid=15316
#
# JRE version: Java(TM) SE Runtime Environment 18.9 (11.0.12+8) (build 11.0.12+8-LTS-237)
# Java VM: Java HotSpot(TM) 64-Bit Server VM 18.9 (11.0.12+8-LTS-237, mixed mode, tiered, compressed oops, g1 gc, windows-amd64)
# No core dump will be written. Minidumps are not enabled by default on client versions of Windows
#

---------------  S U M M A R Y ------------

Command Line: -agentlib:jdwp=transport=dt_socket,suspend=y,address=localhost:56435 -Dcom.sun.management.jmxremote -Dcom.sun.management.jmxremote.port=56263 -Dcom.sun.management.jmxremote.authenticate=false -Dcom.sun.management.jmxremote.ssl=false -Djava.rmi.server.hostname=localhost -Dspring.jmx.enabled=true -Dspring.application.admin.enabled=true -XX:TieredStopAtLevel=1 -Dspring.boot.project.name=alphadesign -javaagent:E:\software\springbootjars\sts-4.9.0.RELEASE\configuration\org.eclipse.osgi\252\0\.cp\lib\javaagent-shaded.jar -Dfile.encoding=UTF-8 com.adv.AlphadesignApplication --spring.output.ansi.enabled=always

Host: AMD Ryzen 3 3250U with Radeon Graphics         , 4 cores, 3G,  Windows 10 , 64 bit Build 19041 (10.0.19041.1806)
Time: Wed Aug 17 18:27:27 2022 India Standard Time elapsed time: 45.817312 seconds (0d 0h 0m 45s)

---------------  T H R E A D  ---------------

Current thread (0x000001e430412000):  VMThread "VM Thread" [stack: 0x000000ca6e100000,0x000000ca6e200000] [id=15316]

Stack: [0x000000ca6e100000,0x000000ca6e200000]
[error occurred during error reporting (printing stack bounds), id 0xc0000005, EXCEPTION_ACCESS_VIOLATION (0xc0000005) at pc=0x000001e41c770f2d]

Native frames: (J=compiled Java code, j=interpreted, Vv=VM code, C=native code)
V  [jvm.dll+0x617d9a]
V  [jvm.dll+0x74eeef]
V  [jvm.dll+0x750599]
V  [jvm.dll+0x750b85]
V  [jvm.dll+0x750b3b]
V  [jvm.dll+0x6175d3]
V  [jvm.dll+0x617998]
C  [ntdll.dll+0xa229f]
C  [ntdll.dll+0x51454]
C  [ntdll.dll+0xa0dce]
C  0x000001e41c770f2d

VM_Operation (0x000000ca6fdfe9e0): RevokeBias, mode: safepoint, requested by thread 0x000001e43439c000


---------------  P R O C E S S  ---------------

Threads class SMR info:
_java_thread_list=0x000001e434789a50, length=23, elements={
0x000001e4142c7800, 0x000001e430438800, 0x000001e430441800, 0x000001e430492800,
0x000001e430493800, 0x000001e430498000, 0x000001e43049d000, 0x000001e4304bb800,
0x000001e430764800, 0x000001e430800000, 0x000001e430803800, 0x000001e430804800,
0x000001e43193e800, 0x000001e431938800, 0x000001e43194a000, 0x000001e43191f800,
0x000001e43199f800, 0x000001e431912000, 0x000001e4319e0800, 0x000001e43212e800,
0x000001e431920000, 0x000001e43439b000, 0x000001e43439c000
}

Java Threads: ( => current thread )
  0x000001e4142c7800 JavaThread "main" [_thread_blocked, id=10184, stack(0x000000ca6db00000,0x000000ca6dc00000)]
  0x000001e430438800 JavaThread "Reference Handler" daemon [_thread_blocked, id=15448, stack(0x000000ca6e200000,0x000000ca6e300000)]
  0x000001e430441800 JavaThread "Finalizer" daemon [_thread_blocked, id=12748, stack(0x000000ca6e300000,0x000000ca6e400000)]
  0x000001e430492800 JavaThread "Signal Dispatcher" daemon [_thread_blocked, id=15784, stack(0x000000ca6e400000,0x000000ca6e500000)]
  0x000001e430493800 JavaThread "Attach Listener" daemon [_thread_blocked, id=14980, stack(0x000000ca6e500000,0x000000ca6e600000)]
  0x000001e430498000 JavaThread "Service Thread" daemon [_thread_blocked, id=14580, stack(0x000000ca6e600000,0x000000ca6e700000)]
  0x000001e43049d000 JavaThread "C1 CompilerThread0" daemon [_thread_blocked, id=5376, stack(0x000000ca6e700000,0x000000ca6e800000)]
  0x000001e4304bb800 JavaThread "Sweeper thread" daemon [_thread_blocked, id=12616, stack(0x000000ca6e800000,0x000000ca6e900000)]
  0x000001e430764800 JavaThread "Common-Cleaner" daemon [_thread_blocked, id=6916, stack(0x000000ca6e900000,0x000000ca6ea00000)]
  0x000001e430800000 JavaThread "JDWP Transport Listener: dt_socket" daemon [_thread_blocked, id=10132, stack(0x000000ca6ea00000,0x000000ca6eb00000)]
  0x000001e430803800 JavaThread "JDWP Event Helper Thread" daemon [_thread_blocked, id=11316, stack(0x000000ca6eb00000,0x000000ca6ec00000)]
  0x000001e430804800 JavaThread "JDWP Command Reader" daemon [_thread_blocked, id=12684, stack(0x000000ca6ec00000,0x000000ca6ed00000)]
  0x000001e43193e800 JavaThread "RMI TCP Accept-0" daemon [_thread_in_native, id=14772, stack(0x000000ca6ee00000,0x000000ca6ef00000)]
  0x000001e431938800 JavaThread "RMI TCP Accept-56263" daemon [_thread_in_native, id=15224, stack(0x000000ca6ef00000,0x000000ca6f000000)]
  0x000001e43194a000 JavaThread "RMI TCP Connection(idle)" daemon [_thread_blocked, id=14692, stack(0x000000ca6f000000,0x000000ca6f100000)]
  0x000001e43191f800 JavaThread "RMI Scheduler(0)" daemon [_thread_blocked, id=6812, stack(0x000000ca6f100000,0x000000ca6f200000)]
  0x000001e43199f800 JavaThread "RMI TCP Connection(2)-127.0.0.1" daemon [_thread_in_native, id=7220, stack(0x000000ca6f200000,0x000000ca6f300000)]
  0x000001e431912000 JavaThread "JMX server connection timeout 21" daemon [_thread_blocked, id=15616, stack(0x000000ca6f300000,0x000000ca6f400000)]
  0x000001e4319e0800 JavaThread "RMI TCP Accept-0" daemon [_thread_in_native, id=14832, stack(0x000000ca6f400000,0x000000ca6f500000)]
  0x000001e43212e800 JavaThread "RMI TCP Connection(3)-127.0.0.1" daemon [_thread_in_native, id=11324, stack(0x000000ca6f600000,0x000000ca6f700000)]
  0x000001e431920000 JavaThread "mysql-cj-abandoned-connection-cleanup" daemon [_thread_blocked, id=3812, stack(0x000000ca6fa00000,0x000000ca6fb00000)]
  0x000001e43439b000 JavaThread "HikariPool-1 housekeeper" daemon [_thread_blocked, id=15020, stack(0x000000ca6fc00000,0x000000ca6fd00000)]
  0x000001e43439c000 JavaThread "HikariPool-1 connection adder" daemon [_thread_blocked, id=5432, stack(0x000000ca6fd00000,0x000000ca6fe00000)]

Other Threads:
=>0x000001e430412000 VMThread "VM Thread" [stack: 0x000000ca6e100000,0x000000ca6e200000] [id=15316]
  0x000001e4319e2000 WatcherThread [stack: 0x000000ca6f500000,0x000000ca6f600000] [id=11112]
  0x000001e4142dd000 GCTaskThread "GC Thread#0" [stack: 0x000000ca6dc00000,0x000000ca6dd00000] [id=15068]
  0x000001e43135c800 GCTaskThread "GC Thread#1" [stack: 0x000000ca6ed00000,0x000000ca6ee00000] [id=15712]
  0x000001e432139000 GCTaskThread "GC Thread#2" [stack: 0x000000ca6f700000,0x000000ca6f800000] [id=7980]
  0x000001e43212b000 GCTaskThread "GC Thread#3" [stack: 0x000000ca6f800000,0x000000ca6f900000] [id=9388]
  0x000001e4142f5800 ConcurrentGCThread "G1 Main Marker" [stack: 0x000000ca6dd00000,0x000000ca6de00000] [id=6904]
  0x000001e4142f9000 ConcurrentGCThread "G1 Conc#0" [stack: 0x000000ca6de00000,0x000000ca6df00000] [id=12164]
  0x000001e41433c000 ConcurrentGCThread "G1 Refine#0" [stack: 0x000000ca6df00000,0x000000ca6e000000] [id=7952]
  0x000001e41433e800 ConcurrentGCThread "G1 Young RemSet Sampling" [stack: 0x000000ca6e000000,0x000000ca6e100000] [id=14724]

Threads with active compile tasks:

VM state:at safepoint (normal execution)

VM Mutex/Monitor currently owned by a thread:  ([mutex/lock_event])
[0x000001e4142c3c90] Threads_lock - owner thread: 0x000001e430412000

Heap address: 0x00000000c8e00000, size: 882 MB, Compressed Oops mode: 32-bit
Narrow klass base: 0x0000000000000000, Narrow klass shift: 3
Compressed class space size: 1073741824 Address: 0x0000000100000000

Heap:
 garbage-first heap   total 101376K, used 72380K [0x00000000c8e00000, 0x0000000100000000)
  region size 1024K, 48 young (49152K), 3 survivors (3072K)
 Metaspace       used 54444K, capacity 55937K, committed 56064K, reserved 1097728K
  class space    used 6972K, capacity 7566K, committed 7680K, reserved 1048576K
Heap Regions: E=young(eden), S=young(survivor), O=old, HS=humongous(starts), HC=humongous(continues), CS=collection set, F=free, A=archive, TAMS=top-at-mark-start (previous, next)
|   0|0x00000000c8e00000, 0x00000000c8f00000, 0x00000000c8f00000|100%|HS|  |TAMS 0x00000000c8f00000, 0x00000000c8e00000| Complete 
|   1|0x00000000c8f00000, 0x00000000c9000000, 0x00000000c9000000|100%|HS|  |TAMS 0x00000000c9000000, 0x00000000c8f00000| Complete 
|   2|0x00000000c9000000, 0x00000000c9100000, 0x00000000c9100000|100%| O|  |TAMS 0x00000000c9100000, 0x00000000c9000000| Untracked 
|   3|0x00000000c9100000, 0x00000000c9200000, 0x00000000c9200000|100%| O|  |TAMS 0x00000000c9200000, 0x00000000c9100000| Untracked 
|   4|0x00000000c9200000, 0x00000000c9300000, 0x00000000c9300000|100%| O|  |TAMS 0x00000000c9300000, 0x00000000c9200000| Untracked 
|   5|0x00000000c9300000, 0x00000000c9400000, 0x00000000c9400000|100%| O|  |TAMS 0x00000000c9400000, 0x00000000c9300000| Untracked 
|   6|0x00000000c9400000, 0x00000000c9500000, 0x00000000c9500000|100%| O|  |TAMS 0x00000000c9500000, 0x00000000c9400000| Untracked 
|   7|0x00000000c9500000, 0x00000000c9600000, 0x00000000c9600000|100%| O|  |TAMS 0x00000000c9600000, 0x00000000c9500000| Untracked 
|   8|0x00000000c9600000, 0x00000000c9700000, 0x00000000c9700000|100%| O|  |TAMS 0x00000000c9700000, 0x00000000c9600000| Untracked 
|   9|0x00000000c9700000, 0x00000000c9800000, 0x00000000c9800000|100%| O|  |TAMS 0x00000000c9800000, 0x00000000c9700000| Untracked 
|  10|0x00000000c9800000, 0x00000000c9900000, 0x00000000c9900000|100%| O|  |TAMS 0x00000000c9900000, 0x00000000c9800000| Untracked 
|  11|0x00000000c9900000, 0x00000000c9a00000, 0x00000000c9a00000|100%| O|  |TAMS 0x00000000c9a00000, 0x00000000c9900000| Untracked 
|  12|0x00000000c9a00000, 0x00000000c9b00000, 0x00000000c9b00000|100%| O|  |TAMS 0x00000000c9b00000, 0x00000000c9a00000| Untracked 
|  13|0x00000000c9b00000, 0x00000000c9c00000, 0x00000000c9c00000|100%| O|  |TAMS 0x00000000c9c00000, 0x00000000c9b00000| Untracked 
|  14|0x00000000c9c00000, 0x00000000c9d00000, 0x00000000c9d00000|100%| O|  |TAMS 0x00000000c9d00000, 0x00000000c9c00000| Untracked 
|  15|0x00000000c9d00000, 0x00000000c9e00000, 0x00000000c9e00000|100%| O|  |TAMS 0x00000000c9e00000, 0x00000000c9d00000| Untracked 
|  16|0x00000000c9e00000, 0x00000000c9f00000, 0x00000000c9f00000|100%| O|  |TAMS 0x00000000c9f00000, 0x00000000c9e00000| Untracked 
|  17|0x00000000c9f00000, 0x00000000ca000000, 0x00000000ca000000|100%| O|  |TAMS 0x00000000c9f86800, 0x00000000c9f00000| Untracked 
|  18|0x00000000ca000000, 0x00000000ca100000, 0x00000000ca100000|100%| O|  |TAMS 0x00000000ca000000, 0x00000000ca000000| Untracked 
|  19|0x00000000ca100000, 0x00000000ca200000, 0x00000000ca200000|100%| O|  |TAMS 0x00000000ca100000, 0x00000000ca100000| Untracked 
|  20|0x00000000ca200000, 0x00000000ca300000, 0x00000000ca300000|100%| O|  |TAMS 0x00000000ca200000, 0x00000000ca200000| Untracked 
|  21|0x00000000ca300000, 0x00000000ca400000, 0x00000000ca400000|100%| O|  |TAMS 0x00000000ca300000, 0x00000000ca300000| Untracked 
|  22|0x00000000ca400000, 0x00000000ca500000, 0x00000000ca500000|100%| O|  |TAMS 0x00000000ca400000, 0x00000000ca400000| Untracked 
|  23|0x00000000ca500000, 0x00000000ca5af000, 0x00000000ca600000| 68%| O|  |TAMS 0x00000000ca500000, 0x00000000ca500000| Untracked 
|  24|0x00000000ca600000, 0x00000000ca600000, 0x00000000ca700000|  0%| F|  |TAMS 0x00000000ca600000, 0x00000000ca600000| Untracked 
|  25|0x00000000ca700000, 0x00000000ca700000, 0x00000000ca800000|  0%| F|  |TAMS 0x00000000ca700000, 0x00000000ca700000| Untracked 
|  26|0x00000000ca800000, 0x00000000ca800000, 0x00000000ca900000|  0%| F|  |TAMS 0x00000000ca800000, 0x00000000ca800000| Untracked 
|  27|0x00000000ca900000, 0x00000000ca900000, 0x00000000caa00000|  0%| F|  |TAMS 0x00000000ca900000, 0x00000000ca900000| Untracked 
|  28|0x00000000caa00000, 0x00000000caa00000, 0x00000000cab00000|  0%| F|  |TAMS 0x00000000caa00000, 0x00000000caa00000| Untracked 
|  29|0x00000000cab00000, 0x00000000cab00000, 0x00000000cac00000|  0%| F|  |TAMS 0x00000000cab00000, 0x00000000cab00000| Untracked 
|  30|0x00000000cac00000, 0x00000000cac00000, 0x00000000cad00000|  0%| F|  |TAMS 0x00000000cac00000, 0x00000000cac00000| Untracked 
|  31|0x00000000cad00000, 0x00000000cad00000, 0x00000000cae00000|  0%| F|  |TAMS 0x00000000cad00000, 0x00000000cad00000| Untracked 
|  32|0x00000000cae00000, 0x00000000cae00000, 0x00000000caf00000|  0%| F|  |TAMS 0x00000000cae00000, 0x00000000cae00000| Untracked 
|  33|0x00000000caf00000, 0x00000000caf00000, 0x00000000cb000000|  0%| F|  |TAMS 0x00000000caf00000, 0x00000000caf00000| Untracked 
|  34|0x00000000cb000000, 0x00000000cb000000, 0x00000000cb100000|  0%| F|  |TAMS 0x00000000cb000000, 0x00000000cb000000| Untracked 
|  35|0x00000000cb100000, 0x00000000cb100000, 0x00000000cb200000|  0%| F|  |TAMS 0x00000000cb100000, 0x00000000cb100000| Untracked 
|  36|0x00000000cb200000, 0x00000000cb200000, 0x00000000cb300000|  0%| F|  |TAMS 0x00000000cb200000, 0x00000000cb200000| Untracked 
|  37|0x00000000cb300000, 0x00000000cb300000, 0x00000000cb400000|  0%| F|  |TAMS 0x00000000cb300000, 0x00000000cb300000| Untracked 
|  38|0x00000000cb400000, 0x00000000cb500000, 0x00000000cb500000|100%| S|CS|TAMS 0x00000000cb400000, 0x00000000cb400000| Complete 
|  39|0x00000000cb500000, 0x00000000cb600000, 0x00000000cb600000|100%| S|CS|TAMS 0x00000000cb500000, 0x00000000cb500000| Complete 
|  40|0x00000000cb600000, 0x00000000cb700000, 0x00000000cb700000|100%| S|CS|TAMS 0x00000000cb600000, 0x00000000cb600000| Complete 
|  41|0x00000000cb700000, 0x00000000cb700000, 0x00000000cb800000|  0%| F|  |TAMS 0x00000000cb700000, 0x00000000cb700000| Untracked 
|  42|0x00000000cb800000, 0x00000000cb800000, 0x00000000cb900000|  0%| F|  |TAMS 0x00000000cb800000, 0x00000000cb800000| Untracked 
|  43|0x00000000cb900000, 0x00000000cb900000, 0x00000000cba00000|  0%| F|  |TAMS 0x00000000cb900000, 0x00000000cb900000| Untracked 
|  44|0x00000000cba00000, 0x00000000cba00000, 0x00000000cbb00000|  0%| F|  |TAMS 0x00000000cba00000, 0x00000000cba00000| Untracked 
|  45|0x00000000cbb00000, 0x00000000cbb00000, 0x00000000cbc00000|  0%| F|  |TAMS 0x00000000cbb00000, 0x00000000cbb00000| Untracked 
|  46|0x00000000cbc00000, 0x00000000cbc00000, 0x00000000cbd00000|  0%| F|  |TAMS 0x00000000cbc00000, 0x00000000cbc00000| Untracked 
|  47|0x00000000cbd00000, 0x00000000cbd00000, 0x00000000cbe00000|  0%| F|  |TAMS 0x00000000cbd00000, 0x00000000cbd00000| Untracked 
|  48|0x00000000cbe00000, 0x00000000cbe00000, 0x00000000cbf00000|  0%| F|  |TAMS 0x00000000cbe00000, 0x00000000cbe00000| Untracked 
|  49|0x00000000cbf00000, 0x00000000cbf00000, 0x00000000cc000000|  0%| F|  |TAMS 0x00000000cbf00000, 0x00000000cbf00000| Untracked 
|  50|0x00000000cc000000, 0x00000000cc000000, 0x00000000cc100000|  0%| F|  |TAMS 0x00000000cc000000, 0x00000000cc000000| Untracked 
|  51|0x00000000cc100000, 0x00000000cc100000, 0x00000000cc200000|  0%| F|  |TAMS 0x00000000cc100000, 0x00000000cc100000| Untracked 
|  52|0x00000000cc200000, 0x00000000cc200000, 0x00000000cc300000|  0%| F|  |TAMS 0x00000000cc200000, 0x00000000cc200000| Untracked 
|  53|0x00000000cc300000, 0x00000000cc300000, 0x00000000cc400000|  0%| F|  |TAMS 0x00000000cc300000, 0x00000000cc300000| Untracked 
|  54|0x00000000cc400000, 0x00000000cc400800, 0x00000000cc500000|  0%| E|  |TAMS 0x00000000cc400000, 0x00000000cc400000| Complete 
|  55|0x00000000cc500000, 0x00000000cc600000, 0x00000000cc600000|100%| E|CS|TAMS 0x00000000cc500000, 0x00000000cc500000| Complete 
|  56|0x00000000cc600000, 0x00000000cc700000, 0x00000000cc700000|100%| E|CS|TAMS 0x00000000cc600000, 0x00000000cc600000| Complete 
|  57|0x00000000cc700000, 0x00000000cc800000, 0x00000000cc800000|100%| E|CS|TAMS 0x00000000cc700000, 0x00000000cc700000| Complete 
|  58|0x00000000cc800000, 0x00000000cc900000, 0x00000000cc900000|100%| E|CS|TAMS 0x00000000cc800000, 0x00000000cc800000| Complete 
|  59|0x00000000cc900000, 0x00000000cca00000, 0x00000000cca00000|100%| E|CS|TAMS 0x00000000cc900000, 0x00000000cc900000| Complete 
|  60|0x00000000cca00000, 0x00000000ccb00000, 0x00000000ccb00000|100%| E|CS|TAMS 0x00000000cca00000, 0x00000000cca00000| Complete 
|  61|0x00000000ccb00000, 0x00000000ccc00000, 0x00000000ccc00000|100%| E|CS|TAMS 0x00000000ccb00000, 0x00000000ccb00000| Complete 
|  62|0x00000000ccc00000, 0x00000000ccd00000, 0x00000000ccd00000|100%| E|CS|TAMS 0x00000000ccc00000, 0x00000000ccc00000| Complete 
|  63|0x00000000ccd00000, 0x00000000cce00000, 0x00000000cce00000|100%| E|CS|TAMS 0x00000000ccd00000, 0x00000000ccd00000| Complete 
|  64|0x00000000cce00000, 0x00000000ccf00000, 0x00000000ccf00000|100%| E|CS|TAMS 0x00000000cce00000, 0x00000000cce00000| Complete 
|  65|0x00000000ccf00000, 0x00000000cd000000, 0x00000000cd000000|100%| E|CS|TAMS 0x00000000ccf00000, 0x00000000ccf00000| Complete 
|  66|0x00000000cd000000, 0x00000000cd100000, 0x00000000cd100000|100%| E|CS|TAMS 0x00000000cd000000, 0x00000000cd000000| Complete 
|  67|0x00000000cd100000, 0x00000000cd200000, 0x00000000cd200000|100%| E|CS|TAMS 0x00000000cd100000, 0x00000000cd100000| Complete 
|  68|0x00000000cd200000, 0x00000000cd300000, 0x00000000cd300000|100%| E|CS|TAMS 0x00000000cd200000, 0x00000000cd200000| Complete 
|  69|0x00000000cd300000, 0x00000000cd400000, 0x00000000cd400000|100%| E|CS|TAMS 0x00000000cd300000, 0x00000000cd300000| Complete 
|  70|0x00000000cd400000, 0x00000000cd500000, 0x00000000cd500000|100%| E|CS|TAMS 0x00000000cd400000, 0x00000000cd400000| Complete 
|  71|0x00000000cd500000, 0x00000000cd600000, 0x00000000cd600000|100%| E|CS|TAMS 0x00000000cd500000, 0x00000000cd500000| Complete 
|  72|0x00000000cd600000, 0x00000000cd700000, 0x00000000cd700000|100%| E|CS|TAMS 0x00000000cd600000, 0x00000000cd600000| Complete 
|  73|0x00000000cd700000, 0x00000000cd800000, 0x00000000cd800000|100%| E|CS|TAMS 0x00000000cd700000, 0x00000000cd700000| Complete 
|  74|0x00000000cd800000, 0x00000000cd900000, 0x00000000cd900000|100%| E|CS|TAMS 0x00000000cd800000, 0x00000000cd800000| Complete 
|  75|0x00000000cd900000, 0x00000000cda00000, 0x00000000cda00000|100%| E|CS|TAMS 0x00000000cd900000, 0x00000000cd900000| Complete 
|  76|0x00000000cda00000, 0x00000000cdb00000, 0x00000000cdb00000|100%| E|CS|TAMS 0x00000000cda00000, 0x00000000cda00000| Complete 
|  77|0x00000000cdb00000, 0x00000000cdc00000, 0x00000000cdc00000|100%| E|CS|TAMS 0x00000000cdb00000, 0x00000000cdb00000| Complete 
|  78|0x00000000cdc00000, 0x00000000cdd00000, 0x00000000cdd00000|100%| E|CS|TAMS 0x00000000cdc00000, 0x00000000cdc00000| Complete 
|  79|0x00000000cdd00000, 0x00000000cde00000, 0x00000000cde00000|100%| E|CS|TAMS 0x00000000cdd00000, 0x00000000cdd00000| Complete 
|  80|0x00000000cde00000, 0x00000000cdf00000, 0x00000000cdf00000|100%| E|CS|TAMS 0x00000000cde00000, 0x00000000cde00000| Complete 
|  81|0x00000000cdf00000, 0x00000000ce000000, 0x00000000ce000000|100%| E|CS|TAMS 0x00000000cdf00000, 0x00000000cdf00000| Complete 
|  82|0x00000000ce000000, 0x00000000ce100000, 0x00000000ce100000|100%| E|CS|TAMS 0x00000000ce000000, 0x00000000ce000000| Complete 
|  83|0x00000000ce100000, 0x00000000ce200000, 0x00000000ce200000|100%| E|CS|TAMS 0x00000000ce100000, 0x00000000ce100000| Complete 
|  84|0x00000000ce200000, 0x00000000ce300000, 0x00000000ce300000|100%| E|CS|TAMS 0x00000000ce200000, 0x00000000ce200000| Complete 
|  85|0x00000000ce300000, 0x00000000ce400000, 0x00000000ce400000|100%| E|CS|TAMS 0x00000000ce300000, 0x00000000ce300000| Complete 
|  86|0x00000000ce400000, 0x00000000ce500000, 0x00000000ce500000|100%| E|CS|TAMS 0x00000000ce400000, 0x00000000ce400000| Complete 
|  87|0x00000000ce500000, 0x00000000ce600000, 0x00000000ce600000|100%| E|CS|TAMS 0x00000000ce500000, 0x00000000ce500000| Complete 
|  88|0x00000000ce600000, 0x00000000ce700000, 0x00000000ce700000|100%| E|CS|TAMS 0x00000000ce600000, 0x00000000ce600000| Complete 
|  89|0x00000000ce700000, 0x00000000ce800000, 0x00000000ce800000|100%| E|CS|TAMS 0x00000000ce700000, 0x00000000ce700000| Complete 
|  90|0x00000000ce800000, 0x00000000ce900000, 0x00000000ce900000|100%| E|CS|TAMS 0x00000000ce800000, 0x00000000ce800000| Complete 
|  91|0x00000000ce900000, 0x00000000cea00000, 0x00000000cea00000|100%| E|CS|TAMS 0x00000000ce900000, 0x00000000ce900000| Complete 
|  92|0x00000000cea00000, 0x00000000ceb00000, 0x00000000ceb00000|100%| E|CS|TAMS 0x00000000cea00000, 0x00000000cea00000| Complete 
|  93|0x00000000ceb00000, 0x00000000cec00000, 0x00000000cec00000|100%| E|CS|TAMS 0x00000000ceb00000, 0x00000000ceb00000| Complete 
|  94|0x00000000cec00000, 0x00000000ced00000, 0x00000000ced00000|100%| E|CS|TAMS 0x00000000cec00000, 0x00000000cec00000| Complete 
|  95|0x00000000ced00000, 0x00000000cee00000, 0x00000000cee00000|100%| E|CS|TAMS 0x00000000ced00000, 0x00000000ced00000| Complete 
|  96|0x00000000cee00000, 0x00000000cef00000, 0x00000000cef00000|100%| E|CS|TAMS 0x00000000cee00000, 0x00000000cee00000| Complete 
|  97|0x00000000cef00000, 0x00000000cf000000, 0x00000000cf000000|100%| E|CS|TAMS 0x00000000cef00000, 0x00000000cef00000| Complete 
|  98|0x00000000cf000000, 0x00000000cf100000, 0x00000000cf100000|100%| E|CS|TAMS 0x00000000cf000000, 0x00000000cf000000| Complete 

Card table byte_map: [0x000001e42b770000,0x000001e42b930000] _byte_map_base: 0x000001e42b129000

Marking Bits (Prev, Next): (CMBitMap*) 0x000001e4142f1118, (CMBitMap*) 0x000001e4142f1150
 Prev Bits: [0x000001e42baf0000, 0x000001e42c8b8000)
 Next Bits: [0x000001e42c8c0000, 0x000001e42d688000)

Polling page: 0x000001e412020000

Metaspace:

Usage:
  Non-class:     47.24 MB capacity,    46.36 MB ( 98%) used,   715.72 KB (  1%) free+waste,   182.56 KB ( <1%) overhead. 
      Class:      7.39 MB capacity,     6.81 MB ( 92%) used,   506.03 KB (  7%) free+waste,    87.75 KB (  1%) overhead. 
       Both:     54.63 MB capacity,    53.17 MB ( 97%) used,     1.19 MB (  2%) free+waste,   270.31 KB ( <1%) overhead. 

Virtual space:
  Non-class space:       48.00 MB reserved,      47.25 MB ( 98%) committed 
      Class space:        1.00 GB reserved,       7.50 MB ( <1%) committed 
             Both:        1.05 GB reserved,      54.75 MB (  5%) committed 

Chunk freelists:
   Non-Class:  1.63 KB
       Class:  2.25 KB
        Both:  3.88 KB

CodeHeap 'non-profiled nmethods': size=238912Kb used=8264Kb max_used=8264Kb free=230647Kb
 bounds [0x000001e41ce20000, 0x000001e41d640000, 0x000001e42b770000]
CodeHeap 'non-nmethods': size=6848Kb used=1279Kb max_used=1279Kb free=5568Kb
 bounds [0x000001e41c770000, 0x000001e41c9e0000, 0x000001e41ce20000]
 total_blobs=5427 nmethods=4876 adapters=484
 compilation: enabled
              stopped_count=0, restarted_count=0
 full_count=0

Compilation events (10 events):
Event: 45.618 Thread 0x000001e43049d000 4872       1       com.mysql.cj.protocol.a.NativePacketPayload::setPosition (6 bytes)
Event: 45.618 Thread 0x000001e43049d000 nmethod 4872 0x000001e41d631010 code [0x000001e41d6311a0, 0x000001e41d631258]
Event: 45.628 Thread 0x000001e43049d000 4873       1       com.mysql.cj.conf.AbstractRuntimeProperty::getValue (5 bytes)
Event: 45.628 Thread 0x000001e43049d000 nmethod 4873 0x000001e41d631310 code [0x000001e41d6314a0, 0x000001e41d631558]
Event: 45.644 Thread 0x000001e43049d000 4874       1       sun.security.ssl.TransportContext::isInboundClosed (8 bytes)
Event: 45.645 Thread 0x000001e43049d000 nmethod 4874 0x000001e41d631610 code [0x000001e41d6317c0, 0x000001e41d631a18]
Event: 45.710 Thread 0x000001e43049d000 4875       1       java.util.regex.Pattern::unread (11 bytes)
Event: 45.710 Thread 0x000001e43049d000 nmethod 4875 0x000001e41d631b10 code [0x000001e41d631ca0, 0x000001e41d631d58]
Event: 45.710 Thread 0x000001e43049d000 4876       1       java.util.regex.Pattern::nextEscaped (19 bytes)
Event: 45.710 Thread 0x000001e43049d000 nmethod 4876 0x000001e41d631e10 code [0x000001e41d631fa0, 0x000001e41d632098]

GC Heap History (10 events):
Event: 18.908 GC heap before
{Heap before GC invocations=21 (full 0):
 garbage-first heap   total 83968K, used 66682K [0x00000000c8e00000, 0x0000000100000000)
  region size 1024K, 48 young (49152K), 5 survivors (5120K)
 Metaspace       used 39705K, capacity 41079K, committed 41088K, reserved 1085440K
  class space    used 4935K, capacity 5498K, committed 5504K, reserved 1048576K
}
Event: 18.926 GC heap after
{Heap after GC invocations=22 (full 0):
 garbage-first heap   total 83968K, used 24573K [0x00000000c8e00000, 0x0000000100000000)
  region size 1024K, 5 young (5120K), 5 survivors (5120K)
 Metaspace       used 39705K, capacity 41079K, committed 41088K, reserved 1085440K
  class space    used 4935K, capacity 5498K, committed 5504K, reserved 1048576K
}
Event: 19.221 GC heap before
{Heap before GC invocations=22 (full 0):
 garbage-first heap   total 83968K, used 65533K [0x00000000c8e00000, 0x0000000100000000)
  region size 1024K, 46 young (47104K), 5 survivors (5120K)
 Metaspace       used 40394K, capacity 41805K, committed 41984K, reserved 1085440K
  class space    used 5000K, capacity 5569K, committed 5632K, reserved 1048576K
}
Event: 19.236 GC heap after
{Heap after GC invocations=23 (full 0):
 garbage-first heap   total 83968K, used 25256K [0x00000000c8e00000, 0x0000000100000000)
  region size 1024K, 3 young (3072K), 3 survivors (3072K)
 Metaspace       used 40394K, capacity 41805K, committed 41984K, reserved 1085440K
  class space    used 5000K, capacity 5569K, committed 5632K, reserved 1048576K
}
Event: 33.092 GC heap before
{Heap before GC invocations=23 (full 0):
 garbage-first heap   total 83968K, used 67240K [0x00000000c8e00000, 0x0000000100000000)
  region size 1024K, 45 young (46080K), 3 survivors (3072K)
 Metaspace       used 41709K, capacity 43107K, committed 43392K, reserved 1087488K
  class space    used 5183K, capacity 5724K, committed 5760K, reserved 1048576K
}
Event: 33.110 GC heap after
{Heap after GC invocations=24 (full 0):
 garbage-first heap   total 101376K, used 25960K [0x00000000c8e00000, 0x0000000100000000)
  region size 1024K, 4 young (4096K), 4 survivors (4096K)
 Metaspace       used 41709K, capacity 43107K, committed 43392K, reserved 1087488K
  class space    used 5183K, capacity 5724K, committed 5760K, reserved 1048576K
}
Event: 37.945 GC heap before
{Heap before GC invocations=24 (full 0):
 garbage-first heap   total 101376K, used 78184K [0x00000000c8e00000, 0x0000000100000000)
  region size 1024K, 55 young (56320K), 4 survivors (4096K)
 Metaspace       used 44905K, capacity 46297K, committed 46464K, reserved 1089536K
  class space    used 5604K, capacity 6168K, committed 6272K, reserved 1048576K
}
Event: 37.966 GC heap after
{Heap after GC invocations=25 (full 0):
 garbage-first heap   total 101376K, used 26745K [0x00000000c8e00000, 0x0000000100000000)
  region size 1024K, 5 young (5120K), 5 survivors (5120K)
 Metaspace       used 44905K, capacity 46297K, committed 46464K, reserved 1089536K
  class space    used 5604K, capacity 6168K, committed 6272K, reserved 1048576K
}
Event: 43.448 GC heap before
{Heap before GC invocations=25 (full 0):
 garbage-first heap   total 101376K, used 81017K [0x00000000c8e00000, 0x0000000100000000)
  region size 1024K, 58 young (59392K), 5 survivors (5120K)
 Metaspace       used 48730K, capacity 50183K, committed 50432K, reserved 1093632K
  class space    used 6285K, capacity 6843K, committed 6912K, reserved 1048576K
}
Event: 43.468 GC heap after
{Heap after GC invocations=26 (full 0):
 garbage-first heap   total 101376K, used 27324K [0x00000000c8e00000, 0x0000000100000000)
  region size 1024K, 3 young (3072K), 3 survivors (3072K)
 Metaspace       used 48730K, capacity 50183K, committed 50432K, reserved 1093632K
  class space    used 6285K, capacity 6843K, committed 6912K, reserved 1048576K
}

Deoptimization events (0 events):
No events

Classes redefined (0 events):
No events

Internal exceptions (10 events):
Event: 30.291 Thread 0x000001e4142c7800 Exception <a 'java/lang/ClassNotFoundException'{0x00000000cc18bd90}: org/springframework/web/servlet/config/annotation/DelegatingWebMvcConfigurationCustomizer> (0x00000000cc18bd90) thrown at [./open/src/hotspot/share/classfile/systemDictionary.cpp, line 2
Event: 30.338 Thread 0x000001e4142c7800 Exception <a 'java/lang/ClassNotFoundException'{0x00000000cc1c1c68}: org/springframework/boot/autoconfigure/web/servlet/WebMvcAutoConfiguration$EnableWebMvcConfigurationCustomizer> (0x00000000cc1c1c68) thrown at [./open/src/hotspot/share/classfile/systemD
Event: 30.350 Thread 0x000001e4142c7800 Exception <a 'java/lang/ClassNotFoundException'{0x00000000cc1f4768}: org/springframework/context/ResourceLoaderAwareCustomizer> (0x00000000cc1f4768) thrown at [./open/src/hotspot/share/classfile/systemDictionary.cpp, line 228]
Event: 30.365 Thread 0x000001e4142c7800 Exception <a 'java/lang/ClassNotFoundException'{0x00000000cc016118}: org/springframework/beans/factory/AwareCustomizer> (0x00000000cc016118) thrown at [./open/src/hotspot/share/classfile/systemDictionary.cpp, line 228]
Event: 30.371 Thread 0x000001e4142c7800 Exception <a 'java/lang/ClassNotFoundException'{0x00000000cc03a418}: org/springframework/context/ApplicationContextAwareCustomizer> (0x00000000cc03a418) thrown at [./open/src/hotspot/share/classfile/systemDictionary.cpp, line 228]
Event: 30.380 Thread 0x000001e4142c7800 Exception <a 'java/lang/ClassNotFoundException'{0x00000000cc05c2b8}: org/springframework/beans/factory/AwareCustomizer> (0x00000000cc05c2b8) thrown at [./open/src/hotspot/share/classfile/systemDictionary.cpp, line 228]
Event: 30.391 Thread 0x000001e4142c7800 Exception <a 'java/lang/ClassNotFoundException'{0x00000000cc080590}: org/springframework/web/context/ServletContextAwareCustomizer> (0x00000000cc080590) thrown at [./open/src/hotspot/share/classfile/systemDictionary.cpp, line 228]
Event: 30.777 Thread 0x000001e4142c7800 Exception <a 'java/lang/ClassNotFoundException'{0x00000000cc0a2150}: org/springframework/beans/factory/AwareCustomizer> (0x00000000cc0a2150) thrown at [./open/src/hotspot/share/classfile/systemDictionary.cpp, line 228]
Event: 45.082 Thread 0x000001e4142c7800 Exception <a 'sun/nio/fs/WindowsException'{0x00000000cd5f93e0}> (0x00000000cd5f93e0) thrown at [./open/src/hotspot/share/prims/jni.cpp, line 611]
Event: 45.109 Thread 0x000001e4142c7800 Exception <a 'java/lang/NoSuchMethodError'{0x00000000cd434020}: java.lang.invoke.DirectMethodHandle$Holder.invokeStaticInit(Ljava/lang/Object;Ljava/lang/Object;Ljava/lang/Object;Ljava/lang/Object;)I> (0x00000000cd434020) thrown at [./open/src/hotspot/shar

Events (10 events):
Event: 45.756 loading class org/hibernate/tool/schema/internal/StandardIndexExporter
Event: 45.756 loading class org/hibernate/tool/schema/internal/StandardIndexExporter done
Event: 45.758 loading class org/hibernate/tool/schema/internal/StandardForeignKeyExporter
Event: 45.758 loading class org/hibernate/tool/schema/internal/StandardForeignKeyExporter done
Event: 45.760 loading class org/hibernate/tool/schema/internal/StandardUniqueKeyExporter
Event: 45.760 loading class org/hibernate/tool/schema/internal/StandardUniqueKeyExporter done
Event: 45.764 loading class org/hibernate/tool/schema/internal/StandardAuxiliaryDatabaseObjectExporter
Event: 45.764 loading class org/hibernate/tool/schema/internal/StandardAuxiliaryDatabaseObjectExporter done
Event: 45.766 Thread 0x000001e43439c000 Thread added: 0x000001e43439c000
Event: 45.769 Executing VM operation: RevokeBias


Dynamic libraries:
0x00007ff7b01f0000 - 0x00007ff7b01ff000 	C:\Program Files\Java\jdk-11.0.12\bin\javaw.exe
0x00007ff80ff70000 - 0x00007ff810168000 	C:\WINDOWS\SYSTEM32\ntdll.dll
0x00007ff80e680000 - 0x00007ff80e73d000 	C:\WINDOWS\System32\KERNEL32.DLL
0x00007ff80d7e0000 - 0x00007ff80daae000 	C:\WINDOWS\System32\KERNELBASE.dll
0x00007ff80db70000 - 0x00007ff80dc70000 	C:\WINDOWS\System32\ucrtbase.dll
0x00007ffff6c80000 - 0x00007ffff6c98000 	C:\Program Files\Java\jdk-11.0.12\bin\jli.dll
0x00007ff80f380000 - 0x00007ff80f42e000 	C:\WINDOWS\System32\ADVAPI32.dll
0x00007ff80e980000 - 0x00007ff80ea1e000 	C:\WINDOWS\System32\msvcrt.dll
0x00007ff80e860000 - 0x00007ff80e8fc000 	C:\WINDOWS\System32\sechost.dll
0x00007ff80e550000 - 0x00007ff80e675000 	C:\WINDOWS\System32\RPCRT4.dll
0x00007ff80ee30000 - 0x00007ff80efd0000 	C:\WINDOWS\System32\USER32.dll
0x00007ff80dfa0000 - 0x00007ff80dfc2000 	C:\WINDOWS\System32\win32u.dll
0x00007ff80ee00000 - 0x00007ff80ee2a000 	C:\WINDOWS\System32\GDI32.dll
0x00007ff80de00000 - 0x00007ff80df0b000 	C:\WINDOWS\System32\gdi32full.dll
0x00007ff80d690000 - 0x00007ff80d72d000 	C:\WINDOWS\System32\msvcp_win.dll
0x00007ff806c60000 - 0x00007ff806c75000 	C:\Program Files\Java\jdk-11.0.12\bin\VCRUNTIME140.dll
0x00007ffff7050000 - 0x00007ffff72ea000 	C:\WINDOWS\WinSxS\amd64_microsoft.windows.common-controls_6595b64144ccf1df_6.0.19041.1110_none_60b5254171f9507e\COMCTL32.dll
0x00007ff8050d0000 - 0x00007ff8050da000 	C:\WINDOWS\SYSTEM32\VERSION.dll
0x00007ff80f270000 - 0x00007ff80f2a0000 	C:\WINDOWS\System32\IMM32.DLL
0x00007fffd93d0000 - 0x00007fffd946b000 	C:\Program Files\Java\jdk-11.0.12\bin\msvcp140.dll
0x00007fffd69a0000 - 0x00007fffd749f000 	C:\Program Files\Java\jdk-11.0.12\bin\server\jvm.dll
0x00007ff80e960000 - 0x00007ff80e968000 	C:\WINDOWS\System32\PSAPI.DLL
0x00007ff8050a0000 - 0x00007ff8050c7000 	C:\WINDOWS\SYSTEM32\WINMM.dll
0x00007ff8050f0000 - 0x00007ff8050f9000 	C:\WINDOWS\SYSTEM32\WSOCK32.dll
0x00007ff80ed90000 - 0x00007ff80edfb000 	C:\WINDOWS\System32\WS2_32.dll
0x00007ff80b550000 - 0x00007ff80b562000 	C:\WINDOWS\SYSTEM32\kernel.appcore.dll
0x00007ff808350000 - 0x00007ff808360000 	C:\Program Files\Java\jdk-11.0.12\bin\verify.dll
0x00007ff80ae60000 - 0x00007ff80b044000 	C:\WINDOWS\SYSTEM32\DBGHELP.DLL
0x00007ffff1a40000 - 0x00007ffff1a6c000 	C:\WINDOWS\SYSTEM32\dbgcore.DLL
0x00007ff80df10000 - 0x00007ff80df92000 	C:\WINDOWS\System32\bcryptPrimitives.dll
0x00007ffff7590000 - 0x00007ffff75b8000 	C:\Program Files\Java\jdk-11.0.12\bin\java.dll
0x00007ff808340000 - 0x00007ff80834a000 	C:\Program Files\Java\jdk-11.0.12\bin\jimage.dll
0x00007fffe49b0000 - 0x00007fffe49e8000 	C:\Program Files\Java\jdk-11.0.12\bin\jdwp.dll
0x00007ff807380000 - 0x00007ff80738e000 	C:\Program Files\Java\jdk-11.0.12\bin\instrument.dll
0x00007ff8010d0000 - 0x00007ff8010e6000 	C:\Program Files\Java\jdk-11.0.12\bin\zip.dll
0x00007ff80f4e0000 - 0x00007ff80fc24000 	C:\WINDOWS\System32\SHELL32.dll
0x00007ff80b750000 - 0x00007ff80bee4000 	C:\WINDOWS\SYSTEM32\windows.storage.dll
0x00007ff80ea20000 - 0x00007ff80ed74000 	C:\WINDOWS\System32\combase.dll
0x00007ff80d020000 - 0x00007ff80d050000 	C:\WINDOWS\SYSTEM32\Wldp.dll
0x00007ff80e440000 - 0x00007ff80e4ed000 	C:\WINDOWS\System32\SHCORE.dll
0x00007ff80f320000 - 0x00007ff80f375000 	C:\WINDOWS\System32\shlwapi.dll
0x00007ff80d5d0000 - 0x00007ff80d5ef000 	C:\WINDOWS\SYSTEM32\profapi.dll
0x00007ff8070d0000 - 0x00007ff8070da000 	C:\Program Files\Java\jdk-11.0.12\bin\dt_socket.dll
0x00007ff80cd80000 - 0x00007ff80cdea000 	C:\WINDOWS\System32\mswsock.dll
0x00007ff80cab0000 - 0x00007ff80cb7b000 	C:\WINDOWS\SYSTEM32\DNSAPI.dll
0x00007ff80ca70000 - 0x00007ff80caab000 	C:\WINDOWS\SYSTEM32\IPHLPAPI.DLL
0x00007ff80e970000 - 0x00007ff80e978000 	C:\WINDOWS\System32\NSI.dll
0x00007ff801220000 - 0x00007ff8012a0000 	C:\WINDOWS\System32\fwpuclnt.dll
0x00007ff80dc70000 - 0x00007ff80dc97000 	C:\WINDOWS\System32\bcrypt.dll
0x00007ff801430000 - 0x00007ff80143a000 	C:\Windows\System32\rasadhlp.dll
0x00007ffff6c60000 - 0x00007ffff6c79000 	C:\Program Files\Java\jdk-11.0.12\bin\net.dll
0x00007ff8014a0000 - 0x00007ff8015aa000 	C:\WINDOWS\SYSTEM32\WINHTTP.dll
0x00007ffff0d90000 - 0x00007ffff0da2000 	C:\Program Files\Java\jdk-11.0.12\bin\nio.dll
0x00007ffff7450000 - 0x00007ffff7459000 	C:\Program Files\Java\jdk-11.0.12\bin\management.dll
0x00007ffff72f0000 - 0x00007ffff72fb000 	C:\Program Files\Java\jdk-11.0.12\bin\management_ext.dll
0x00007ffff0b40000 - 0x00007ffff0b57000 	C:\WINDOWS\system32\napinsp.dll
0x00007ffff0b20000 - 0x00007ffff0b3b000 	C:\WINDOWS\system32\pnrpnsp.dll
0x00007ff8082f0000 - 0x00007ff808305000 	C:\WINDOWS\system32\wshbth.dll
0x00007ff808be0000 - 0x00007ff808bfd000 	C:\WINDOWS\system32\NLAapi.dll
0x00007ffff0b00000 - 0x00007ffff0b12000 	C:\WINDOWS\System32\winrnr.dll
0x00007ff80cf80000 - 0x00007ff80cf98000 	C:\WINDOWS\SYSTEM32\CRYPTSP.dll
0x00007ff80c700000 - 0x00007ff80c734000 	C:\WINDOWS\system32\rsaenh.dll
0x00007ff80d550000 - 0x00007ff80d57e000 	C:\WINDOWS\SYSTEM32\USERENV.dll
0x00007ff80cf70000 - 0x00007ff80cf7c000 	C:\WINDOWS\SYSTEM32\CRYPTBASE.dll
0x00007ff805170000 - 0x00007ff805187000 	C:\WINDOWS\SYSTEM32\dhcpcsvc6.DLL
0x00007ff805150000 - 0x00007ff80516d000 	C:\WINDOWS\SYSTEM32\dhcpcsvc.DLL
0x00007ffff6da0000 - 0x00007ffff6dad000 	C:\Program Files\Java\jdk-11.0.12\bin\sunmscapi.dll
0x00007ff80dca0000 - 0x00007ff80ddf6000 	C:\WINDOWS\System32\CRYPT32.dll
0x00007ff80d090000 - 0x00007ff80d0b7000 	C:\WINDOWS\SYSTEM32\ncrypt.dll
0x00007ff80d050000 - 0x00007ff80d08b000 	C:\WINDOWS\SYSTEM32\NTASN1.dll
0x00007fffeb3f0000 - 0x00007fffeb415000 	C:\Program Files\Java\jdk-11.0.12\bin\sunec.dll

dbghelp: loaded successfully - version: 4.0.5 - missing functions: none
symbol engine: initialized successfully - sym options: 0x614 - pdb path: .;C:\Program Files\Java\jdk-11.0.12\bin;C:\WINDOWS\SYSTEM32;C:\WINDOWS\WinSxS\amd64_microsoft.windows.common-controls_6595b64144ccf1df_6.0.19041.1110_none_60b5254171f9507e;C:\Program Files\Java\jdk-11.0.12\bin\server

VM Arguments:
jvm_args: -agentlib:jdwp=transport=dt_socket,suspend=y,address=localhost:56435 -Dcom.sun.management.jmxremote -Dcom.sun.management.jmxremote.port=56263 -Dcom.sun.management.jmxremote.authenticate=false -Dcom.sun.management.jmxremote.ssl=false -Djava.rmi.server.hostname=localhost -Dspring.jmx.enabled=true -Dspring.application.admin.enabled=true -XX:TieredStopAtLevel=1 -Dspring.boot.project.name=alphadesign -javaagent:E:\software\springbootjars\sts-4.9.0.RELEASE\configuration\org.eclipse.osgi\252\0\.cp\lib\javaagent-shaded.jar -Dfile.encoding=UTF-8 
java_command: com.adv.AlphadesignApplication --spring.output.ansi.enabled=always
java_class_path (initial): D:\New folder (2)\alphadesign\target\classes;C:\Users\MAHENDRA SINGH\Downloads\lombok.jar;C:\Users\MAHENDRA SINGH\.m2\repository\org\springframework\boot\spring-boot-starter-web\2.6.7\spring-boot-starter-web-2.6.7.jar;C:\Users\MAHENDRA SINGH\.m2\repository\org\springframework\boot\spring-boot-starter\2.6.7\spring-boot-starter-2.6.7.jar;C:\Users\MAHENDRA SINGH\.m2\repository\org\springframework\boot\spring-boot\2.6.7\spring-boot-2.6.7.jar;C:\Users\MAHENDRA SINGH\.m2\repository\org\springframework\boot\spring-boot-autoconfigure\2.6.7\spring-boot-autoconfigure-2.6.7.jar;C:\Users\MAHENDRA SINGH\.m2\repository\org\springframework\boot\spring-boot-starter-logging\2.6.7\spring-boot-starter-logging-2.6.7.jar;C:\Users\MAHENDRA SINGH\.m2\repository\ch\qos\logback\logback-classic\1.2.11\logback-classic-1.2.11.jar;C:\Users\MAHENDRA SINGH\.m2\repository\ch\qos\logback\logback-core\1.2.11\logback-core-1.2.11.jar;C:\Users\MAHENDRA SINGH\.m2\repository\org\apache\logging\log4j\log4j-to-slf4j\2.17.2\log4j-to-slf4j-2.17.2.jar;C:\Users\MAHENDRA SINGH\.m2\repository\org\apache\logging\log4j\log4j-api\2.17.2\log4j-api-2.17.2.jar;C:\Users\MAHENDRA SINGH\.m2\repository\org\slf4j\jul-to-slf4j\1.7.36\jul-to-slf4j-1.7.36.jar;C:\Users\MAHENDRA SINGH\.m2\repository\org\yaml\snakeyaml\1.29\snakeyaml-1.29.jar;C:\Users\MAHENDRA SINGH\.m2\repository\org\springframework\boot\spring-boot-starter-json\2.6.7\spring-boot-starter-json-2.6.7.jar;C:\Users\MAHENDRA SINGH\.m2\repository\com\fasterxml\jackson\datatype\jackson-datatype-jdk8\2.13.2\jackson-datatype-jdk8-2.13.2.jar;C:\Users\MAHENDRA SINGH\.m2\repository\com\fasterxml\jackson\datatype\jackson-datatype-jsr310\2.13.2\jackson-datatype-jsr310-2.13.2.jar;C:\Users\MAHENDRA SINGH\.m2\repository\com\fasterxml\jackson\module\jackson-module-parameter-names\2.13.2\jackson-module-parameter-names-2.13.2.jar;C:\Users\MAHENDRA SINGH\.m2\repository\org\springframework\spring-web\5.3.19\spring-web-5.3.19.jar;C:\Users\MAHENDRA SINGH\.
Launcher Type: SUN_STANDARD

[Global flags]
     intx CICompilerCount                          = 3                                         {product} {ergonomic}
     uint ConcGCThreads                            = 1                                         {product} {ergonomic}
     uint G1ConcRefinementThreads                  = 4                                         {product} {ergonomic}
   size_t G1HeapRegionSize                         = 1048576                                   {product} {ergonomic}
    uintx GCDrainStackTargetSize                   = 64                                        {product} {ergonomic}
   size_t InitialHeapSize                          = 58720256                                  {product} {ergonomic}
     bool ManagementServer                         = true                                      {product} {command line}
   size_t MarkStackSize                            = 4194304                                   {product} {ergonomic}
   size_t MaxHeapSize                              = 924844032                                 {product} {ergonomic}
   size_t MaxNewSize                               = 554696704                                 {product} {ergonomic}
   size_t MinHeapDeltaBytes                        = 1048576                                   {product} {ergonomic}
    uintx NonNMethodCodeHeapSize                   = 6973028                                {pd product} {ergonomic}
    uintx NonProfiledCodeHeapSize                  = 244685212                              {pd product} {ergonomic}
    uintx ProfiledCodeHeapSize                     = 0                                      {pd product} {ergonomic}
    uintx ReservedCodeCacheSize                    = 251658240                              {pd product} {ergonomic}
     bool SegmentedCodeCache                       = true                                      {product} {ergonomic}
     intx TieredStopAtLevel                        = 1                                         {product} {command line}
     bool UseCompressedClassPointers               = true                                 {lp64_product} {ergonomic}
     bool UseCompressedOops                        = true                                 {lp64_product} {ergonomic}
     bool UseG1GC                                  = true                                      {product} {ergonomic}
     bool UseLargePagesIndividualAllocation        = false                                  {pd product} {ergonomic}

Logging:
Log output configuration:
 #0: stdout all=warning uptime,level,tags
 #1: stderr all=off uptime,level,tags

Environment Variables:
PATH=E:/software/springbootjars/sts-4.9.0.RELEASE//plugins/org.eclipse.justj.openjdk.hotspot.jre.full.win32.x86_64_15.0.1.v20201027-0507/jre/bin/server;E:/software/springbootjars/sts-4.9.0.RELEASE//plugins/org.eclipse.justj.openjdk.hotspot.jre.full.win32.x86_64_15.0.1.v20201027-0507/jre/bin;C:\Program Files\Common Files\Oracle\Java\javapath;C:\Program Files\Java\jdk1.8.0_191\bin;C:\WINDOWS\system32;C:\WINDOWS;C:\WINDOWS\System32\Wbem;C:\WINDOWS\System32\WindowsPowerShell\v1.0\;C:\WINDOWS\System32\OpenSSH\;C:\Program Files\Git\cmd;C:\Program Files\PuTTY\;C:\Program Files\MySQL\MySQL Shell 8.0\bin\;C:\Program Files\Java\jdk1.8.0_191\bin;C:\Users\MAHENDRA SINGH\AppData\Local\Microsoft\WindowsApps;E:\software\springbootjars\sts-4.9.0.RELEASE;
USERNAME=MAHENDRA SINGH
OS=Windows_NT
PROCESSOR_IDENTIFIER=AMD64 Family 23 Model 24 Stepping 1, AuthenticAMD



---------------  S Y S T E M  ---------------

OS: Windows 10 , 64 bit Build 19041 (10.0.19041.1806)

CPU:total 4 (initial active 4) (4 cores per cpu, 2 threads per core) family 23 model 24 stepping 1 microcode 0x0, cmov, cx8, fxsr, mmx, sse, sse2, sse3, ssse3, sse4.1, sse4.2, popcnt, avx, avx2, aes, clmul, mmxext, 3dnowpref, lzcnt, sse4a, ht, tsc, tscinvbit, tscinv, bmi1, bmi2, adx, s

Memory: 4k page, system-wide physical 3526M (202M free)
TotalPageFile size 14278M (AvailPageFile size 0M)
current process WorkingSet (physical memory assigned to process): 159M, peak: 160M
current process commit charge ("private bytes"): 253M, peak: 253M

vm_info: Java HotSpot(TM) 64-Bit Server VM (11.0.12+8-LTS-237) for windows-amd64 JRE (11.0.12+8-LTS-237), built on Jun  8 2021 11:25:59 by "mach5one" with MS VC++ 15.9 (VS2017)

END.
